<?xml version="1.0" encoding="UTF-8"?>
<!-- Generated by org.testng.reporters.JUnitReportReporter -->
<testsuite skipped="0" hostname="DESKTOP-ACQNM8H" name="login_tests.UdemyLogin" tests="1" failures="0" timestamp="27 Sep 2021 06:41:01 GMT" time="4.938" errors="0">
  <testcase name="f" time="4.938" classname="login_tests.UdemyLogin"/>
</testsuite> <!-- login_tests.UdemyLogin -->
