<?xml version="1.0" encoding="UTF-8"?>
<!-- Generated by org.testng.reporters.JUnitReportReporter -->
<testsuite hostname="DESKTOP-ACQNM8H" failures="0" tests="1" name="login_tests.UdemyLogin" time="13.236" errors="0" timestamp="27 Sep 2021 06:06:59 GMT" skipped="0">
  <testcase classname="login_tests.UdemyLogin" name="f" time="13.236"/>
</testsuite> <!-- login_tests.UdemyLogin -->
